<?xml version="1.0" encoding="UTF-8"?>
<testsuite name="com.myCompany.delivery.model.PizzaFactoryTest" tests="1" skipped="0" failures="0" errors="0" timestamp="2023-03-15T10:05:48" hostname="LVAGPLTP4597" time="0.03">
  <properties/>
  <testcase name="testCreatePizza()" classname="com.myCompany.delivery.model.PizzaFactoryTest" time="0.03"/>
  <system-out><![CDATA[]]></system-out>
  <system-err><![CDATA[]]></system-err>
</testsuite>
